<?xml version="1.0" encoding="UTF-8"?>
<!-- Generated by org.testng.reporters.JUnitReportReporter -->
<testsuite hostname="SH-meiyanghua" name="test.NewTest" tests="1" failures="0" timestamp="21 Sep 2018 03:18:16 GMT" time="15.027" errors="0">
  <testcase name="f5" time="15.027" classname="test.NewTest"/>
</testsuite> <!-- test.NewTest -->
